# JRE version: OpenJDK Runtime Environment Temurin-21.0.8+9 (21.0.8+9) (build 21.0.8+9-LTS)
# Java VM: OpenJDK 64-Bit Server VM Temurin-21.0.8+9 (21.0.8+9-LTS, mixed mode, sharing, tiered, compressed oops, compressed class ptrs, parallel gc, windows-amd64)
GC Precious Log:
 CardTable entry size: 512
 CPUs: 8 total, 8 available
 Memory: 3987M
 Large Page Support: Disabled
 NUMA Support: Disabled
 Compressed Oops: Enabled (32-bit)
 Alignments: Space 512K, Generation 512K, Heap 2M
 Heap Min Capacity: 100M
 Heap Initial Capacity: 100M
 Heap Max Capacity: 2G
 Pre-touch: Disabled
 Parallel Workers: 8
Heap:
 PSYoungGen      total 3072K, used 1600K [0x00000000d5580000, 0x00000000d5d00000, 0x0000000100000000)
  eden space 2560K, 46% used [0x00000000d5580000,0x00000000d56aaf80,0x00000000d5800000)
  from space 512K, 79% used [0x00000000d5c80000,0x00000000d5ce5200,0x00000000d5d00000)
  to   space 512K, 0% used [0x00000000d5c00000,0x00000000d5c00000,0x00000000d5c80000)
 ParOldGen       total 790016K, used 789980K [0x0000000080000000, 0x00000000b0380000, 0x00000000d5580000)
  object space 790016K, 99% used [0x0000000080000000,0x00000000b03772f0,0x00000000b0380000)
 Metaspace       used 91250K, committed 93120K, reserved 1179648K
  class space    used 9412K, committed 10240K, reserved 1048576K
GC Heap History (20 events):
Event: 702.340 GC heap before
{Heap before GC invocations=1518 (full 6):
 PSYoungGen      total 2560K, used 2534K [0x00000000d5580000, 0x00000000d5e80000, 0x0000000100000000)
  eden space 2048K, 100% used [0x00000000d5580000,0x00000000d5780000,0x00000000d5780000)
  from space 512K, 95% used [0x00000000d5e00000,0x00000000d5e79b80,0x00000000d5e80000)
  to   space 2048K, 0% used [0x00000000d5a80000,0x00000000d5a80000,0x00000000d5c80000)
 ParOldGen       total 756736K, used 756573K [0x0000000080000000, 0x00000000ae300000, 0x00000000d5580000)
  object space 756736K, 99% used [0x0000000080000000,0x00000000ae2d7428,0x00000000ae300000)
 Metaspace       used 91232K, committed 93120K, reserved 1179648K
  class space    used 9412K, committed 10240K, reserved 1048576K
}
Event: 702.342 GC heap after
{Heap after GC invocations=1518 (full 6):
 PSYoungGen      total 4608K, used 1568K [0x00000000d5580000, 0x00000000d5e80000, 0x0000000100000000)
  eden space 2560K, 0% used [0x00000000d5580000,0x00000000d5580000,0x00000000d5800000)
  from space 2048K, 76% used [0x00000000d5a80000,0x00000000d5c081c8,0x00000000d5c80000)
  to   space 2048K, 0% used [0x00000000d5c80000,0x00000000d5c80000,0x00000000d5e80000)
 ParOldGen       total 757248K, used 757090K [0x0000000080000000, 0x00000000ae380000, 0x00000000d5580000)
  object space 757248K, 99% used [0x0000000080000000,0x00000000ae358af8,0x00000000ae380000)
 Metaspace       used 91232K, committed 93120K, reserved 1179648K
  class space    used 9412K, committed 10240K, reserved 1048576K
}
Event: 702.385 GC heap before
{Heap before GC invocations=1519 (full 6):
 PSYoungGen      total 4608K, used 4128K [0x00000000d5580000, 0x00000000d5e80000, 0x0000000100000000)
  eden space 2560K, 100% used [0x00000000d5580000,0x00000000d5800000,0x00000000d5800000)
  from space 2048K, 76% used [0x00000000d5a80000,0x00000000d5c081c8,0x00000000d5c80000)
  to   space 2048K, 0% used [0x00000000d5c80000,0x00000000d5c80000,0x00000000d5e80000)
 ParOldGen       total 757248K, used 757090K [0x0000000080000000, 0x00000000ae380000, 0x00000000d5580000)
  object space 757248K, 99% used [0x0000000080000000,0x00000000ae358af8,0x00000000ae380000)
 Metaspace       used 91232K, committed 93120K, reserved 1179648K
  class space    used 9412K, committed 10240K, reserved 1048576K
}
Event: 702.388 GC heap after
{Heap after GC invocations=1519 (full 6):
 PSYoungGen      total 3072K, used 480K [0x00000000d5580000, 0x00000000d5d00000, 0x0000000100000000)
  eden space 2560K, 0% used [0x00000000d5580000,0x00000000d5580000,0x00000000d5800000)
  from space 512K, 93% used [0x00000000d5c80000,0x00000000d5cf8000,0x00000000d5d00000)
  to   space 1024K, 0% used [0x00000000d5b00000,0x00000000d5b00000,0x00000000d5c00000)
 ParOldGen       total 757760K, used 757410K [0x0000000080000000, 0x00000000ae400000, 0x00000000d5580000)
  object space 757760K, 99% used [0x0000000080000000,0x00000000ae3a8af8,0x00000000ae400000)
 Metaspace       used 91232K, committed 93120K, reserved 1179648K
  class space    used 9412K, committed 10240K, reserved 1048576K
}
Event: 702.435 GC heap before
{Heap before GC invocations=1520 (full 6):
 PSYoungGen      total 3072K, used 3040K [0x00000000d5580000, 0x00000000d5d00000, 0x0000000100000000)
  eden space 2560K, 100% used [0x00000000d5580000,0x00000000d5800000,0x00000000d5800000)
  from space 512K, 93% used [0x00000000d5c80000,0x00000000d5cf8000,0x00000000d5d00000)
  to   space 1024K, 0% used [0x00000000d5b00000,0x00000000d5b00000,0x00000000d5c00000)
 ParOldGen       total 757760K, used 757410K [0x0000000080000000, 0x00000000ae400000, 0x00000000d5580000)
  object space 757760K, 99% used [0x0000000080000000,0x00000000ae3a8af8,0x00000000ae400000)
 Metaspace       used 91238K, committed 93120K, reserved 1179648K
  class space    used 9412K, committed 10240K, reserved 1048576K
}
Event: 702.440 GC heap after
{Heap after GC invocations=1520 (full 6):
 PSYoungGen      total 3584K, used 314K [0x00000000d5580000, 0x00000000d5d00000, 0x0000000100000000)
  eden space 2560K, 0% used [0x00000000d5580000,0x00000000d5580000,0x00000000d5800000)
  from space 1024K, 30% used [0x00000000d5b00000,0x00000000d5b4e900,0x00000000d5c00000)
  to   space 512K, 0% used [0x00000000d5c80000,0x00000000d5c80000,0x00000000d5d00000)
 ParOldGen       total 758272K, used 757761K [0x0000000080000000, 0x00000000ae480000, 0x00000000d5580000)
  object space 758272K, 99% used [0x0000000080000000,0x00000000ae4005a0,0x00000000ae480000)
 Metaspace       used 91238K, committed 93120K, reserved 1179648K
  class space    used 9412K, committed 10240K, reserved 1048576K
}
Event: 702.476 GC heap before
{Heap before GC invocations=1521 (full 6):
 PSYoungGen      total 3584K, used 2874K [0x00000000d5580000, 0x00000000d5d00000, 0x0000000100000000)
  eden space 2560K, 99% used [0x00000000d5580000,0x00000000d57fff48,0x00000000d5800000)
  from space 1024K, 30% used [0x00000000d5b00000,0x00000000d5b4e900,0x00000000d5c00000)
  to   space 512K, 0% used [0x00000000d5c80000,0x00000000d5c80000,0x00000000d5d00000)
 ParOldGen       total 790016K, used 788481K [0x0000000080000000, 0x00000000b0380000, 0x00000000d5580000)
  object space 790016K, 99% used [0x0000000080000000,0x00000000b02005d0,0x00000000b0380000)
 Metaspace       used 91239K, committed 93120K, reserved 1179648K
  class space    used 9412K, committed 10240K, reserved 1048576K
}
Event: 702.479 GC heap after
{Heap after GC invocations=1521 (full 6):
 PSYoungGen      total 3072K, used 496K [0x00000000d5580000, 0x00000000d5d00000, 0x0000000100000000)
  eden space 2560K, 0% used [0x00000000d5580000,0x00000000d5580000,0x00000000d5800000)
  from space 512K, 96% used [0x00000000d5c80000,0x00000000d5cfc010,0x00000000d5d00000)
  to   space 1024K, 0% used [0x00000000d5b00000,0x00000000d5b00000,0x00000000d5c00000)
 ParOldGen       total 790016K, used 788805K [0x0000000080000000, 0x00000000b0380000, 0x00000000d5580000)
  object space 790016K, 99% used [0x0000000080000000,0x00000000b02517e0,0x00000000b0380000)
 Metaspace       used 91239K, committed 93120K, reserved 1179648K
  class space    used 9412K, committed 10240K, reserved 1048576K
}
Event: 702.541 GC heap before
{Heap before GC invocations=1522 (full 6):
 PSYoungGen      total 3072K, used 3056K [0x00000000d5580000, 0x00000000d5d00000, 0x0000000100000000)
  eden space 2560K, 100% used [0x00000000d5580000,0x00000000d5800000,0x00000000d5800000)
  from space 512K, 96% used [0x00000000d5c80000,0x00000000d5cfc010,0x00000000d5d00000)
  to   space 1024K, 0% used [0x00000000d5b00000,0x00000000d5b00000,0x00000000d5c00000)
 ParOldGen       total 790016K, used 788805K [0x0000000080000000, 0x00000000b0380000, 0x00000000d5580000)
  object space 790016K, 99% used [0x0000000080000000,0x00000000b02517e0,0x00000000b0380000)
 Metaspace       used 91241K, committed 93120K, reserved 1179648K
  class space    used 9412K, committed 10240K, reserved 1048576K
}
Event: 702.544 GC heap after
{Heap after GC invocations=1522 (full 6):
 PSYoungGen      total 3584K, used 192K [0x00000000d5580000, 0x00000000d5d00000, 0x0000000100000000)
  eden space 2560K, 0% used [0x00000000d5580000,0x00000000d5580000,0x00000000d5800000)
  from space 1024K, 18% used [0x00000000d5b00000,0x00000000d5b30000,0x00000000d5c00000)
  to   space 512K, 0% used [0x00000000d5c80000,0x00000000d5c80000,0x00000000d5d00000)
 ParOldGen       total 790016K, used 789173K [0x0000000080000000, 0x00000000b0380000, 0x00000000d5580000)
  object space 790016K, 99% used [0x0000000080000000,0x00000000b02ad7e0,0x00000000b0380000)
 Metaspace       used 91241K, committed 93120K, reserved 1179648K
  class space    used 9412K, committed 10240K, reserved 1048576K
}
Event: 702.572 GC heap before
{Heap before GC invocations=1523 (full 6):
 PSYoungGen      total 3584K, used 2751K [0x00000000d5580000, 0x00000000d5d00000, 0x0000000100000000)
  eden space 2560K, 99% used [0x00000000d5580000,0x00000000d57ffff8,0x00000000d5800000)
  from space 1024K, 18% used [0x00000000d5b00000,0x00000000d5b30000,0x00000000d5c00000)
  to   space 512K, 0% used [0x00000000d5c80000,0x00000000d5c80000,0x00000000d5d00000)
 ParOldGen       total 790016K, used 789173K [0x0000000080000000, 0x00000000b0380000, 0x00000000d5580000)
  object space 790016K, 99% used [0x0000000080000000,0x00000000b02ad7e0,0x00000000b0380000)
 Metaspace       used 91242K, committed 93120K, reserved 1179648K
  class space    used 9412K, committed 10240K, reserved 1048576K
}
Event: 702.575 GC heap after
{Heap after GC invocations=1523 (full 6):
 PSYoungGen      total 3072K, used 410K [0x00000000d5580000, 0x00000000d5d00000, 0x0000000100000000)
  eden space 2560K, 0% used [0x00000000d5580000,0x00000000d5580000,0x00000000d5800000)
  from space 512K, 80% used [0x00000000d5c80000,0x00000000d5ce6900,0x00000000d5d00000)
  to   space 512K, 0% used [0x00000000d5c00000,0x00000000d5c00000,0x00000000d5c80000)
 ParOldGen       total 790016K, used 789229K [0x0000000080000000, 0x00000000b0380000, 0x00000000d5580000)
  object space 790016K, 99% used [0x0000000080000000,0x00000000b02bb7e0,0x00000000b0380000)
 Metaspace       used 91242K, committed 93120K, reserved 1179648K
  class space    used 9412K, committed 10240K, reserved 1048576K
}
Event: 702.746 GC heap before
{Heap before GC invocations=1524 (full 6):
 PSYoungGen      total 3072K, used 2970K [0x00000000d5580000, 0x00000000d5d00000, 0x0000000100000000)
  eden space 2560K, 100% used [0x00000000d5580000,0x00000000d5800000,0x00000000d5800000)
  from space 512K, 80% used [0x00000000d5c80000,0x00000000d5ce6900,0x00000000d5d00000)
  to   space 512K, 0% used [0x00000000d5c00000,0x00000000d5c00000,0x00000000d5c80000)
 ParOldGen       total 790016K, used 789229K [0x0000000080000000, 0x00000000b0380000, 0x00000000d5580000)
  object space 790016K, 99% used [0x0000000080000000,0x00000000b02bb7e0,0x00000000b0380000)
 Metaspace       used 91242K, committed 93120K, reserved 1179648K
  class space    used 9412K, committed 10240K, reserved 1048576K
}
Event: 702.748 GC heap after
{Heap after GC invocations=1524 (full 6):
 PSYoungGen      total 3072K, used 506K [0x00000000d5580000, 0x00000000d5d00000, 0x0000000100000000)
  eden space 2560K, 0% used [0x00000000d5580000,0x00000000d5580000,0x00000000d5800000)
  from space 512K, 98% used [0x00000000d5c00000,0x00000000d5c7e900,0x00000000d5c80000)
  to   space 512K, 0% used [0x00000000d5c80000,0x00000000d5c80000,0x00000000d5d00000)
 ParOldGen       total 790016K, used 789564K [0x0000000080000000, 0x00000000b0380000, 0x00000000d5580000)
  object space 790016K, 99% used [0x0000000080000000,0x00000000b030f2f0,0x00000000b0380000)
 Metaspace       used 91242K, committed 93120K, reserved 1179648K
  class space    used 9412K, committed 10240K, reserved 1048576K
}
Event: 702.802 GC heap before
{Heap before GC invocations=1525 (full 6):
 PSYoungGen      total 3072K, used 3066K [0x00000000d5580000, 0x00000000d5d00000, 0x0000000100000000)
  eden space 2560K, 100% used [0x00000000d5580000,0x00000000d5800000,0x00000000d5800000)
  from space 512K, 98% used [0x00000000d5c00000,0x00000000d5c7e900,0x00000000d5c80000)
  to   space 512K, 0% used [0x00000000d5c80000,0x00000000d5c80000,0x00000000d5d00000)
 ParOldGen       total 790016K, used 789564K [0x0000000080000000, 0x00000000b0380000, 0x00000000d5580000)
  object space 790016K, 99% used [0x0000000080000000,0x00000000b030f2f0,0x00000000b0380000)
 Metaspace       used 91243K, committed 93120K, reserved 1179648K
  class space    used 9412K, committed 10240K, reserved 1048576K
}
Event: 702.805 GC heap after
{Heap after GC invocations=1525 (full 6):
 PSYoungGen      total 3072K, used 288K [0x00000000d5580000, 0x00000000d5d00000, 0x0000000100000000)
  eden space 2560K, 0% used [0x00000000d5580000,0x00000000d5580000,0x00000000d5800000)
  from space 512K, 56% used [0x00000000d5c80000,0x00000000d5cc8000,0x00000000d5d00000)
  to   space 512K, 0% used [0x00000000d5c00000,0x00000000d5c00000,0x00000000d5c80000)
 ParOldGen       total 790016K, used 789900K [0x0000000080000000, 0x00000000b0380000, 0x00000000d5580000)
  object space 790016K, 99% used [0x0000000080000000,0x00000000b03632f0,0x00000000b0380000)
 Metaspace       used 91243K, committed 93120K, reserved 1179648K
  class space    used 9412K, committed 10240K, reserved 1048576K
}
Event: 702.843 GC heap before
{Heap before GC invocations=1526 (full 6):
 PSYoungGen      total 3072K, used 2847K [0x00000000d5580000, 0x00000000d5d00000, 0x0000000100000000)
  eden space 2560K, 99% used [0x00000000d5580000,0x00000000d57fffe0,0x00000000d5800000)
  from space 512K, 56% used [0x00000000d5c80000,0x00000000d5cc8000,0x00000000d5d00000)
  to   space 512K, 0% used [0x00000000d5c00000,0x00000000d5c00000,0x00000000d5c80000)
 ParOldGen       total 790016K, used 789900K [0x0000000080000000, 0x00000000b0380000, 0x00000000d5580000)
  object space 790016K, 99% used [0x0000000080000000,0x00000000b03632f0,0x00000000b0380000)
 Metaspace       used 91243K, committed 93120K, reserved 1179648K
  class space    used 9412K, committed 10240K, reserved 1048576K
}
Event: 702.844 GC heap after
{Heap after GC invocations=1526 (full 6):
 PSYoungGen      total 3072K, used 224K [0x00000000d5580000, 0x00000000d5d00000, 0x0000000100000000)
  eden space 2560K, 0% used [0x00000000d5580000,0x00000000d5580000,0x00000000d5800000)
  from space 512K, 43% used [0x00000000d5c00000,0x00000000d5c38000,0x00000000d5c80000)
  to   space 512K, 0% used [0x00000000d5c80000,0x00000000d5c80000,0x00000000d5d00000)
 ParOldGen       total 790016K, used 789940K [0x0000000080000000, 0x00000000b0380000, 0x00000000d5580000)
  object space 790016K, 99% used [0x0000000080000000,0x00000000b036d2f0,0x00000000b0380000)
 Metaspace       used 91243K, committed 93120K, reserved 1179648K
  class space    used 9412K, committed 10240K, reserved 1048576K
}
Event: 703.165 GC heap before
{Heap before GC invocations=1527 (full 6):
 PSYoungGen      total 3072K, used 2784K [0x00000000d5580000, 0x00000000d5d00000, 0x0000000100000000)
  eden space 2560K, 100% used [0x00000000d5580000,0x00000000d5800000,0x00000000d5800000)
  from space 512K, 43% used [0x00000000d5c00000,0x00000000d5c38000,0x00000000d5c80000)
  to   space 512K, 0% used [0x00000000d5c80000,0x00000000d5c80000,0x00000000d5d00000)
 ParOldGen       total 790016K, used 789940K [0x0000000080000000, 0x00000000b0380000, 0x00000000d5580000)
  object space 790016K, 99% used [0x0000000080000000,0x00000000b036d2f0,0x00000000b0380000)
 Metaspace       used 91250K, committed 93120K, reserved 1179648K
  class space    used 9412K, committed 10240K, reserved 1048576K
}
Event: 703.167 GC heap after
{Heap after GC invocations=1527 (full 6):
 PSYoungGen      total 3072K, used 404K [0x00000000d5580000, 0x00000000d5d00000, 0x0000000100000000)
  eden space 2560K, 0% used [0x00000000d5580000,0x00000000d5580000,0x00000000d5800000)
  from space 512K, 79% used [0x00000000d5c80000,0x00000000d5ce5200,0x00000000d5d00000)
  to   space 512K, 0% used [0x00000000d5c00000,0x00000000d5c00000,0x00000000d5c80000)
 ParOldGen       total 790016K, used 789980K [0x0000000080000000, 0x00000000b0380000, 0x00000000d5580000)
  object space 790016K, 99% used [0x0000000080000000,0x00000000b03772f0,0x00000000b0380000)
 Metaspace       used 91250K, committed 93120K, reserved 1179648K
  class space    used 9412K, committed 10240K, reserved 1048576K
}

